C:\Program Files\Microsoft Visual Studio\2022\Community\MSBuild\Microsoft\VC\v170\Microsoft.CppBuild.targets(531,5): warning MSB8028: Katalog pośredni (x64\Debug\) zawiera pliki udostępnione z innego projektu (Maciej_Pereślucha_lab3.vcxproj). Może to spowodować niepoprawne zachowanie podczas oczyszczania i ponownej kompilacji.
  GL_Temlate_2019.c
D:\Studia\Grafika Komputerowa\GK - Maciej_Pereślucha_Projekt\Maciej_Pereślucha_lab3\GL_Temlate_2019.c(403,30): warning C4018: "<": niezgodność typu ze znakiem/bez znaku
D:\Studia\Grafika Komputerowa\GK - Maciej_Pereślucha_Projekt\Maciej_Pereślucha_lab3\GL_Temlate_2019.c(528,5): warning C4244: "inicjowanie": konwersja z "double" do "float", możliwa utrata danych
D:\Studia\Grafika Komputerowa\GK - Maciej_Pereślucha_Projekt\Maciej_Pereślucha_lab3\GL_Temlate_2019.c(528,8): warning C4244: "inicjowanie": konwersja z "double" do "float", możliwa utrata danych
D:\Studia\Grafika Komputerowa\GK - Maciej_Pereślucha_Projekt\Maciej_Pereślucha_lab3\GL_Temlate_2019.c(528,12): warning C4244: "inicjowanie": konwersja z "double" do "float", możliwa utrata danych
D:\Studia\Grafika Komputerowa\GK - Maciej_Pereślucha_Projekt\Maciej_Pereślucha_lab3\GL_Temlate_2019.c(529,5): warning C4244: "inicjowanie": konwersja z "double" do "float", możliwa utrata danych
D:\Studia\Grafika Komputerowa\GK - Maciej_Pereślucha_Projekt\Maciej_Pereślucha_lab3\GL_Temlate_2019.c(529,8): warning C4244: "inicjowanie": konwersja z "double" do "float", możliwa utrata danych
D:\Studia\Grafika Komputerowa\GK - Maciej_Pereślucha_Projekt\Maciej_Pereślucha_lab3\GL_Temlate_2019.c(530,8): warning C4244: "inicjowanie": konwersja z "double" do "float", możliwa utrata danych
D:\Studia\Grafika Komputerowa\GK - Maciej_Pereślucha_Projekt\Maciej_Pereślucha_lab3\GL_Temlate_2019.c(547,5): warning C4244: "inicjowanie": konwersja z "double" do "float", możliwa utrata danych
D:\Studia\Grafika Komputerowa\GK - Maciej_Pereślucha_Projekt\Maciej_Pereślucha_lab3\GL_Temlate_2019.c(547,8): warning C4244: "inicjowanie": konwersja z "double" do "float", możliwa utrata danych
D:\Studia\Grafika Komputerowa\GK - Maciej_Pereślucha_Projekt\Maciej_Pereślucha_lab3\GL_Temlate_2019.c(547,13): warning C4244: "inicjowanie": konwersja z "double" do "float", możliwa utrata danych
D:\Studia\Grafika Komputerowa\GK - Maciej_Pereślucha_Projekt\Maciej_Pereślucha_lab3\GL_Temlate_2019.c(548,8): warning C4244: "inicjowanie": konwersja z "double" do "float", możliwa utrata danych
D:\Studia\Grafika Komputerowa\GK - Maciej_Pereślucha_Projekt\Maciej_Pereślucha_lab3\GL_Temlate_2019.c(548,13): warning C4244: "inicjowanie": konwersja z "double" do "float", możliwa utrata danych
D:\Studia\Grafika Komputerowa\GK - Maciej_Pereślucha_Projekt\Maciej_Pereślucha_lab3\GL_Temlate_2019.c(549,8): warning C4244: "inicjowanie": konwersja z "double" do "float", możliwa utrata danych
D:\Studia\Grafika Komputerowa\GK - Maciej_Pereślucha_Projekt\Maciej_Pereślucha_lab3\GL_Temlate_2019.c(1209,15): warning C4244: "funkcja": konwersja z "double" do "GLfloat", możliwa utrata danych
D:\Studia\Grafika Komputerowa\GK - Maciej_Pereślucha_Projekt\Maciej_Pereślucha_lab3\GL_Temlate_2019.c(1209,26): warning C4244: "funkcja": konwersja z "double" do "GLfloat", możliwa utrata danych
D:\Studia\Grafika Komputerowa\GK - Maciej_Pereślucha_Projekt\Maciej_Pereślucha_lab3\GL_Temlate_2019.c(1209,37): warning C4244: "funkcja": konwersja z "double" do "GLfloat", możliwa utrata danych
D:\Studia\Grafika Komputerowa\GK - Maciej_Pereślucha_Projekt\Maciej_Pereślucha_lab3\GL_Temlate_2019.c(1421,12): warning C4244: "return": konwersja z "WPARAM" do "int", możliwa utrata danych
D:\Studia\Grafika Komputerowa\GK - Maciej_Pereślucha_Projekt\Maciej_Pereślucha_lab3\GL_Temlate_2019.c(1958,26): warning C4244: "=": konwersja z "int" do "GLfloat", możliwa utrata danych
D:\Studia\Grafika Komputerowa\GK - Maciej_Pereślucha_Projekt\Maciej_Pereślucha_lab3\GL_Temlate_2019.c(1959,26): warning C4244: "=": konwersja z "int" do "GLfloat", możliwa utrata danych
  Maciej_Pereślucha_lab3.vcxproj -> D:\Studia\Grafika Komputerowa\GK - Maciej_Pereślucha_Projekt\x64\Debug\Maciej_Pereślucha_Projekt.exe
